[STEP] [2024-02-25 17:30:54] Looking for PHP CLI executable file.
[WARN] [2024-02-25 17:30:54] PHP CLI is disabled in your php.ini file, the process may be unstable.
[WARN] [2024-02-25 17:30:54] PHP CLI file cannot be executed due to unknown reason.
[STEP] [2024-02-25 17:30:54] Initializing backup...
[INFO] [2024-02-25 17:30:54] Backup & Migration version: 1.4.3
[INFO] [2024-02-25 17:30:54] Site which will be backed up: https://nabytekvyroba.com
[INFO] [2024-02-25 17:30:54] PHP Version: 8.0.27
[INFO] [2024-02-25 17:30:54] WP Version: 6.4.3
[INFO] [2024-02-25 17:30:54] MySQL Version: 10.3.32
[INFO] [2024-02-25 17:30:54] MySQL Max Length: 16777216
[INFO] [2024-02-25 17:30:54] Web server: Apache
[INFO] [2024-02-25 17:30:54] Max execution time (in seconds): 90
[INFO] [2024-02-25 17:30:54] Memory limit (server): 512M
[INFO] [2024-02-25 17:30:54] Memory limit (wp-config): 512M
[INFO] [2024-02-25 17:30:54] Memory limit (wp-config admin): 512M
[INFO] [2024-02-25 17:30:54] Max rows per query (this site): 2000
[INFO] [2024-02-25 17:30:54] Checking if backup dir is writable...
[INFO] [2024-02-25 17:30:54] Initializing custom error handler
[SUCCESS] [2024-02-25 17:30:54] Yup it is writable...
[STEP] [2024-02-25 17:30:54] Scanning files...
[WARN] [2024-02-25 17:31:01] Removing file from backup (due to path rules): /data/web/virtuals/332873/virtual/www/domains/nabytekvyroba.com/wp-content/backup-migration-config.php
[INFO] [2024-02-25 17:31:01] Total size of excluded files: 2129 bytes
[VERBOSE] [2024-02-25 17:31:01] Total size of excluded files (bytes): 2129
[STEP] [2024-02-25 17:31:01] Checking free space, reserving...
[INFO] [2024-02-25 17:31:01] Requires at least 836232947 bytes. [797.49 MB]
[INFO] [2024-02-25 17:31:01] Disk free space function is disabled by hosting.
[INFO] [2024-02-25 17:31:01] Using dummy file to check free space (it can take some time).
[SUCCESS] [2024-02-25 17:31:10] Confirmed, there is more than enough space, checked: 836232947 bytes
[INFO] [2024-02-25 17:31:10] Scanning done - found 10089 files...
[SUCCESS] [2024-02-25 17:31:10] Backup initialized...
[STEP] [2024-02-25 17:31:10] Initializing archiving system...
[SUCCESS] [2024-02-25 17:31:10] Archive system initialized...
[STEP] [2024-02-25 17:31:10] Preparing map of files...
[SUCCESS] [2024-02-25 17:31:10] Files prepared.
[INFO] [2024-02-25 17:31:10] Starting compression process...
[STEP] [2024-02-25 17:31:10] Smart memory calculation...
[INFO] [2024-02-25 17:31:10] There is 512 MBs of memory to use
[INFO] [2024-02-25 17:31:10] WordPress memory limit: 512 MBs
[SUCCESS] [2024-02-25 17:31:10] Setting the safe limit to 115 MB
[INFO] [2024-02-25 17:31:10] Using PclZip module to create the backup
[INFO] [2024-02-25 17:31:10] Legacy setting: Using default modules depending on user server
[STEP] [2024-02-25 17:31:10] Making database backup (using v3 engine, requires at least v1.2.2 to restore)
[INFO] [2024-02-25 17:31:10] Iterating database...
[INFO] [2024-02-25 17:31:10] Memory usage after initialization: 61.15 MB
[VERBOSE] [2024-02-25 17:31:10] Exporting database via zip.php
[INFO] [2024-02-25 17:31:10] Scan found 80 tables (27178 rows), estimated total size: 23.19 MB.
[INFO] [2024-02-25 17:31:10] Memory usage after getting table names: 61.19 MB 
[INFO] [2024-02-25 17:31:10] Getting table recipes...
[INFO] [2024-02-25 17:31:11] Table recipes have been exported.
[INFO] [2024-02-25 17:31:11] Memory usage after loading recipes: 61.26 MB 
[INFO] [2024-02-25 17:31:11] Saving recipes...
[INFO] [2024-02-25 17:31:11] Recipes saved.
[INFO] [2024-02-25 17:31:11] Memory usage after recipe off-load: 61.22 MB
[INFO] [2024-02-25 17:31:11] Exporting table data...
[STEP] [2024-02-25 17:31:11] Getting data of table: eaqv_actionscheduler_actions (1/80, 0.13 MB)
[INFO] [2024-02-25 17:31:11] Table eaqv_actionscheduler_actions is empty, saving only recipe.
[STEP] [2024-02-25 17:31:11] Getting data of table: eaqv_actionscheduler_claims (2/80, 0.03 MB)
[INFO] [2024-02-25 17:31:11] Table eaqv_actionscheduler_claims is empty, saving only recipe.
[STEP] [2024-02-25 17:31:11] Getting data of table: eaqv_actionscheduler_groups (3/80, 0.03 MB)
[SUCCESS] [2024-02-25 17:31:11] Table export for: eaqv_actionscheduler_groups finished (0.00076s)
[STEP] [2024-02-25 17:31:11] Getting data of table: eaqv_actionscheduler_logs (4/80, 0.05 MB)
[INFO] [2024-02-25 17:31:11] Table eaqv_actionscheduler_logs is empty, saving only recipe.
[STEP] [2024-02-25 17:31:11] Getting data of table: eaqv_cmplz_cookiebanners (5/80, 0.02 MB)
[SUCCESS] [2024-02-25 17:31:11] Table export for: eaqv_cmplz_cookiebanners finished (0.00097s)
[STEP] [2024-02-25 17:31:11] Getting data of table: eaqv_cmplz_cookies (6/80, 0.02 MB)
[SUCCESS] [2024-02-25 17:31:11] Table export for: eaqv_cmplz_cookies finished (0.00415s)
[STEP] [2024-02-25 17:31:11] Getting data of table: eaqv_cmplz_services (7/80, 0.02 MB)
[SUCCESS] [2024-02-25 17:31:11] Table export for: eaqv_cmplz_services finished (0.00128s)
[STEP] [2024-02-25 17:31:11] Getting data of table: eaqv_commentmeta (8/80, 0.05 MB)
[INFO] [2024-02-25 17:31:11] Table eaqv_commentmeta is empty, saving only recipe.
[STEP] [2024-02-25 17:31:11] Getting data of table: eaqv_comments (9/80, 0.09 MB)
[SUCCESS] [2024-02-25 17:31:11] Table export for: eaqv_comments finished (0.00097s)
[STEP] [2024-02-25 17:31:11] Getting data of table: eaqv_links (10/80, 0.03 MB)
[INFO] [2024-02-25 17:31:11] Table eaqv_links is empty, saving only recipe.
[STEP] [2024-02-25 17:31:11] Getting data of table: eaqv_nicepage_meta (11/80, 1.02 MB)
[SUCCESS] [2024-02-25 17:31:11] Table export for: eaqv_nicepage_meta finished (0.01068s)
[STEP] [2024-02-25 17:31:11] Getting data of table: eaqv_options (12/80, 2.52 MB)
[SUCCESS] [2024-02-25 17:31:11] Table export for: eaqv_options finished (0.02350s)
[STEP] [2024-02-25 17:31:11] Getting data of table: eaqv_postmeta (13/80, 3.47 MB)
[SUCCESS] [2024-02-25 17:31:11] Table export for: eaqv_postmeta finished (0.06074s)
[STEP] [2024-02-25 17:31:11] Getting data of table: eaqv_posts (14/80, 2.72 MB)
[SUCCESS] [2024-02-25 17:31:11] Table export for: eaqv_posts finished (0.16618s)
[STEP] [2024-02-25 17:31:11] Getting data of table: eaqv_rank_math_404_logs (15/80, 0.03 MB)
[SUCCESS] [2024-02-25 17:31:11] Table export for: eaqv_rank_math_404_logs finished (0.00328s)
[STEP] [2024-02-25 17:31:11] Getting data of table: eaqv_rank_math_internal_links (16/80, 0.03 MB)
[SUCCESS] [2024-02-25 17:31:11] Table export for: eaqv_rank_math_internal_links finished (0.00394s)
[STEP] [2024-02-25 17:31:11] Getting data of table: eaqv_rank_math_internal_meta (17/80, 0.02 MB)
[SUCCESS] [2024-02-25 17:31:11] Table export for: eaqv_rank_math_internal_meta finished (0.00510s)
[STEP] [2024-02-25 17:31:11] Getting data of table: eaqv_rank_math_redirections (18/80, 0.03 MB)
[INFO] [2024-02-25 17:31:11] Table eaqv_rank_math_redirections is empty, saving only recipe.
[STEP] [2024-02-25 17:31:11] Getting data of table: eaqv_rank_math_redirections_cache (19/80, 0.03 MB)
[INFO] [2024-02-25 17:31:11] Table eaqv_rank_math_redirections_cache is empty, saving only recipe.
[STEP] [2024-02-25 17:31:11] Getting data of table: eaqv_sbi_feed_caches (20/80, 0.06 MB)
[SUCCESS] [2024-02-25 17:31:11] Table export for: eaqv_sbi_feed_caches finished (0.00780s)
[STEP] [2024-02-25 17:31:11] Getting data of table: eaqv_sbi_feeds (21/80, 0.03 MB)
[SUCCESS] [2024-02-25 17:31:11] Table export for: eaqv_sbi_feeds finished (0.00129s)
[STEP] [2024-02-25 17:31:11] Getting data of table: eaqv_sbi_instagram_feed_locator (22/80, 0.05 MB)
[INFO] [2024-02-25 17:31:11] Table eaqv_sbi_instagram_feed_locator is empty, saving only recipe.
[STEP] [2024-02-25 17:31:11] Getting data of table: eaqv_sbi_instagram_feeds_posts (23/80, 0.05 MB)
[SUCCESS] [2024-02-25 17:31:11] Table export for: eaqv_sbi_instagram_feeds_posts finished (0.00116s)
[STEP] [2024-02-25 17:31:11] Getting data of table: eaqv_sbi_instagram_posts (24/80, 0.02 MB)
[SUCCESS] [2024-02-25 17:31:11] Table export for: eaqv_sbi_instagram_posts finished (0.00219s)
[STEP] [2024-02-25 17:31:11] Getting data of table: eaqv_sbi_sources (25/80, 0.05 MB)
[SUCCESS] [2024-02-25 17:31:11] Table export for: eaqv_sbi_sources finished (0.00121s)
[STEP] [2024-02-25 17:31:11] Getting data of table: eaqv_statistics_events (26/80, 0.06 MB)
[INFO] [2024-02-25 17:31:11] Table eaqv_statistics_events is empty, saving only recipe.
[STEP] [2024-02-25 17:31:11] Getting data of table: eaqv_statistics_exclusions (27/80, 0.05 MB)
[INFO] [2024-02-25 17:31:11] Table eaqv_statistics_exclusions is empty, saving only recipe.
[STEP] [2024-02-25 17:31:11] Getting data of table: eaqv_statistics_historical (28/80, 0.06 MB)
[INFO] [2024-02-25 17:31:11] Table eaqv_statistics_historical is empty, saving only recipe.
[STEP] [2024-02-25 17:31:11] Getting data of table: eaqv_statistics_pages (29/80, 0.13 MB)
[SUCCESS] [2024-02-25 17:31:11] Table export for: eaqv_statistics_pages finished (0.01122s)
[STEP] [2024-02-25 17:31:11] Getting data of table: eaqv_statistics_search (30/80, 0.06 MB)
[SUCCESS] [2024-02-25 17:31:11] Table export for: eaqv_statistics_search finished (0.00883s)
[STEP] [2024-02-25 17:31:11] Getting data of table: eaqv_statistics_useronline (31/80, 0.03 MB)
[INFO] [2024-02-25 17:31:11] Table eaqv_statistics_useronline is empty, saving only recipe.
[STEP] [2024-02-25 17:31:11] Getting data of table: eaqv_statistics_visit (32/80, 0.03 MB)
[SUCCESS] [2024-02-25 17:31:11] Table export for: eaqv_statistics_visit finished (0.00391s)
[STEP] [2024-02-25 17:31:11] Getting data of table: eaqv_statistics_visitor (33/80, 0.30 MB)
[SUCCESS] [2024-02-25 17:31:11] Table export for: eaqv_statistics_visitor finished (0.02450s)
[STEP] [2024-02-25 17:31:11] Getting data of table: eaqv_statistics_visitor_relationships (34/80, 0.17 MB)
[SUCCESS] [2024-02-25 17:31:11] Table export for: eaqv_statistics_visitor_relationships finished (0.01532s)
[STEP] [2024-02-25 17:31:11] Getting data of table: eaqv_term_relationships (35/80, 0.03 MB)
[SUCCESS] [2024-02-25 17:31:11] Table export for: eaqv_term_relationships finished (0.00103s)
[STEP] [2024-02-25 17:31:11] Getting data of table: eaqv_term_taxonomy (36/80, 0.05 MB)
[SUCCESS] [2024-02-25 17:31:11] Table export for: eaqv_term_taxonomy finished (0.00179s)
[STEP] [2024-02-25 17:31:11] Getting data of table: eaqv_termmeta (37/80, 0.05 MB)
[INFO] [2024-02-25 17:31:11] Table eaqv_termmeta is empty, saving only recipe.
[STEP] [2024-02-25 17:31:11] Getting data of table: eaqv_terms (38/80, 0.05 MB)
[SUCCESS] [2024-02-25 17:31:11] Table export for: eaqv_terms finished (0.00110s)
[STEP] [2024-02-25 17:31:11] Getting data of table: eaqv_usermeta (39/80, 0.05 MB)
[SUCCESS] [2024-02-25 17:31:11] Table export for: eaqv_usermeta finished (0.00252s)
[STEP] [2024-02-25 17:31:11] Getting data of table: eaqv_users (40/80, 0.06 MB)
[SUCCESS] [2024-02-25 17:31:11] Table export for: eaqv_users finished (0.00134s)
[STEP] [2024-02-25 17:31:11] Getting data of table: eaqv_wfblockediplog (41/80, 0.02 MB)
[SUCCESS] [2024-02-25 17:31:11] Table export for: eaqv_wfblockediplog finished (0.00230s)
[STEP] [2024-02-25 17:31:11] Getting data of table: eaqv_wfblocks7 (42/80, 0.06 MB)
[INFO] [2024-02-25 17:31:11] Table eaqv_wfblocks7 is empty, saving only recipe.
[STEP] [2024-02-25 17:31:11] Getting data of table: eaqv_wfconfig (43/80, 0.48 MB)
[SUCCESS] [2024-02-25 17:31:11] Table export for: eaqv_wfconfig finished (0.02092s)
[STEP] [2024-02-25 17:31:11] Getting data of table: eaqv_wfcrawlers (44/80, 0.02 MB)
[SUCCESS] [2024-02-25 17:31:11] Table export for: eaqv_wfcrawlers finished (0.00177s)
[STEP] [2024-02-25 17:31:11] Getting data of table: eaqv_wffilechanges (45/80, 0.02 MB)
[INFO] [2024-02-25 17:31:11] Table eaqv_wffilechanges is empty, saving only recipe.
[STEP] [2024-02-25 17:31:11] Getting data of table: eaqv_wffilemods (46/80, 5.52 MB)
[SUCCESS] [2024-02-25 17:31:12] Table export for: eaqv_wffilemods finished (0.65813s)
[STEP] [2024-02-25 17:31:12] Getting data of table: eaqv_wfhits (47/80, 0.11 MB)
[SUCCESS] [2024-02-25 17:31:12] Table export for: eaqv_wfhits finished (0.01353s)
[STEP] [2024-02-25 17:31:12] Getting data of table: eaqv_wfhoover (48/80, 0.03 MB)
[INFO] [2024-02-25 17:31:12] Table eaqv_wfhoover is empty, saving only recipe.
[STEP] [2024-02-25 17:31:12] Getting data of table: eaqv_wfissues (49/80, 0.08 MB)
[SUCCESS] [2024-02-25 17:31:12] Table export for: eaqv_wfissues finished (0.00247s)
[STEP] [2024-02-25 17:31:12] Getting data of table: eaqv_wfknownfilelist (50/80, 2.52 MB)
[SUCCESS] [2024-02-25 17:31:12] Table export for: eaqv_wfknownfilelist finished (0.19198s)
[STEP] [2024-02-25 17:31:12] Getting data of table: eaqv_wflivetraffichuman (51/80, 0.03 MB)
[INFO] [2024-02-25 17:31:12] Table eaqv_wflivetraffichuman is empty, saving only recipe.
[STEP] [2024-02-25 17:31:12] Getting data of table: eaqv_wflocs (52/80, 0.02 MB)
[SUCCESS] [2024-02-25 17:31:12] Table export for: eaqv_wflocs finished (0.00142s)
[STEP] [2024-02-25 17:31:12] Getting data of table: eaqv_wflogins (53/80, 0.09 MB)
[SUCCESS] [2024-02-25 17:31:12] Table export for: eaqv_wflogins finished (0.00947s)
[STEP] [2024-02-25 17:31:12] Getting data of table: eaqv_wfls_2fa_secrets (54/80, 0.03 MB)
[INFO] [2024-02-25 17:31:12] Table eaqv_wfls_2fa_secrets is empty, saving only recipe.
[STEP] [2024-02-25 17:31:12] Getting data of table: eaqv_wfls_role_counts (55/80, 0.00 MB)
[INFO] [2024-02-25 17:31:12] Table eaqv_wfls_role_counts is empty, saving only recipe.
[STEP] [2024-02-25 17:31:12] Getting data of table: eaqv_wfls_settings (56/80, 0.02 MB)
[SUCCESS] [2024-02-25 17:31:12] Table export for: eaqv_wfls_settings finished (0.00171s)
[STEP] [2024-02-25 17:31:12] Getting data of table: eaqv_wfnotifications (57/80, 0.02 MB)
[SUCCESS] [2024-02-25 17:31:12] Table export for: eaqv_wfnotifications finished (0.00109s)
[STEP] [2024-02-25 17:31:12] Getting data of table: eaqv_wfpendingissues (58/80, 0.08 MB)
[INFO] [2024-02-25 17:31:12] Table eaqv_wfpendingissues is empty, saving only recipe.
[STEP] [2024-02-25 17:31:12] Getting data of table: eaqv_wfreversecache (59/80, 0.02 MB)
[SUCCESS] [2024-02-25 17:31:12] Table export for: eaqv_wfreversecache finished (0.00087s)
[STEP] [2024-02-25 17:31:12] Getting data of table: eaqv_wfsecurityevents (60/80, 0.02 MB)
[INFO] [2024-02-25 17:31:12] Table eaqv_wfsecurityevents is empty, saving only recipe.
[STEP] [2024-02-25 17:31:12] Getting data of table: eaqv_wfsnipcache (61/80, 0.06 MB)
[INFO] [2024-02-25 17:31:12] Table eaqv_wfsnipcache is empty, saving only recipe.
[STEP] [2024-02-25 17:31:12] Getting data of table: eaqv_wfstatus (62/80, 0.23 MB)
[SUCCESS] [2024-02-25 17:31:12] Table export for: eaqv_wfstatus finished (0.02758s)
[STEP] [2024-02-25 17:31:12] Getting data of table: eaqv_wftrafficrates (63/80, 0.02 MB)
[INFO] [2024-02-25 17:31:12] Table eaqv_wftrafficrates is empty, saving only recipe.
[STEP] [2024-02-25 17:31:12] Getting data of table: eaqv_wfwaffailures (64/80, 0.02 MB)
[INFO] [2024-02-25 17:31:12] Table eaqv_wfwaffailures is empty, saving only recipe.
[STEP] [2024-02-25 17:31:12] Getting data of table: kogw_actionscheduler_actions (65/80, 0.13 MB)
[INFO] [2024-02-25 17:31:12] Table kogw_actionscheduler_actions is empty, saving only recipe.
[STEP] [2024-02-25 17:31:12] Getting data of table: kogw_actionscheduler_claims (66/80, 0.03 MB)
[INFO] [2024-02-25 17:31:12] Table kogw_actionscheduler_claims is empty, saving only recipe.
[STEP] [2024-02-25 17:31:12] Getting data of table: kogw_actionscheduler_groups (67/80, 0.03 MB)
[INFO] [2024-02-25 17:31:12] Table kogw_actionscheduler_groups is empty, saving only recipe.
[STEP] [2024-02-25 17:31:12] Getting data of table: kogw_actionscheduler_logs (68/80, 0.05 MB)
[INFO] [2024-02-25 17:31:12] Table kogw_actionscheduler_logs is empty, saving only recipe.
[STEP] [2024-02-25 17:31:12] Getting data of table: kogw_commentmeta (69/80, 0.05 MB)
[INFO] [2024-02-25 17:31:12] Table kogw_commentmeta is empty, saving only recipe.
[STEP] [2024-02-25 17:31:12] Getting data of table: kogw_comments (70/80, 0.09 MB)
[SUCCESS] [2024-02-25 17:31:12] Table export for: kogw_comments finished (0.00090s)
[STEP] [2024-02-25 17:31:12] Getting data of table: kogw_links (71/80, 0.03 MB)
[INFO] [2024-02-25 17:31:12] Table kogw_links is empty, saving only recipe.
[STEP] [2024-02-25 17:31:12] Getting data of table: kogw_options (72/80, 1.06 MB)
[SUCCESS] [2024-02-25 17:31:12] Table export for: kogw_options finished (0.01090s)
[STEP] [2024-02-25 17:31:12] Getting data of table: kogw_postmeta (73/80, 0.05 MB)
[SUCCESS] [2024-02-25 17:31:12] Table export for: kogw_postmeta finished (0.00169s)
[STEP] [2024-02-25 17:31:12] Getting data of table: kogw_posts (74/80, 0.08 MB)
[SUCCESS] [2024-02-25 17:31:12] Table export for: kogw_posts finished (0.00197s)
[STEP] [2024-02-25 17:31:12] Getting data of table: kogw_term_relationships (75/80, 0.03 MB)
[SUCCESS] [2024-02-25 17:31:12] Table export for: kogw_term_relationships finished (0.00102s)
[STEP] [2024-02-25 17:31:12] Getting data of table: kogw_term_taxonomy (76/80, 0.05 MB)
[SUCCESS] [2024-02-25 17:31:12] Table export for: kogw_term_taxonomy finished (0.00185s)
[STEP] [2024-02-25 17:31:12] Getting data of table: kogw_termmeta (77/80, 0.05 MB)
[INFO] [2024-02-25 17:31:12] Table kogw_termmeta is empty, saving only recipe.
[STEP] [2024-02-25 17:31:12] Getting data of table: kogw_terms (78/80, 0.05 MB)
[SUCCESS] [2024-02-25 17:31:12] Table export for: kogw_terms finished (0.00100s)
[STEP] [2024-02-25 17:31:12] Getting data of table: kogw_usermeta (79/80, 0.05 MB)
[SUCCESS] [2024-02-25 17:31:12] Table export for: kogw_usermeta finished (0.00163s)
[STEP] [2024-02-25 17:31:12] Getting data of table: kogw_users (80/80, 0.06 MB)
[SUCCESS] [2024-02-25 17:31:12] Table export for: kogw_users finished (0.00076s)
[INFO] [2024-02-25 17:31:12] Table data exported.
[INFO] [2024-02-25 17:31:12] Memory usage after data export: 61.33 MB
[INFO] [2024-02-25 17:31:12] Entire process took: 1.6369 s
[SUCCESS] [2024-02-25 17:31:12] Database backup finished
[STEP] [2024-02-25 17:31:12] Making archive
[INFO] [2024-02-25 17:31:12] Compressing...
[WARN] [2024-02-25 17:31:12] Backup will run as single-request, may be unstable...
[STEP] [2024-02-25 17:31:12] Adding database SQL file(s) to the backup file.
[VERBOSE] [2024-02-25 17:31:12] Database files in total found: 80
[SUCCESS] [2024-02-25 17:31:12] Database added to the backup successfully.
[STEP] [2024-02-25 17:31:12] Performing site files backup...
[INFO] [2024-02-25 17:31:12] Chunks contain 1000 files.
[INFO] [2024-02-25 17:31:18] Milestone: 1000/10089
[INFO] [2024-02-25 17:31:21] Milestone: 2000/10089
[INFO] [2024-02-25 17:31:25] Milestone: 3000/10089
[INFO] [2024-02-25 17:31:28] Milestone: 4000/10089
[INFO] [2024-02-25 17:31:32] Milestone: 5000/10089
[INFO] [2024-02-25 17:31:35] Milestone: 6000/10089
[INFO] [2024-02-25 17:31:39] Milestone: 7000/10089
[INFO] [2024-02-25 17:31:44] Milestone: 8000/10089
[INFO] [2024-02-25 17:31:52] Milestone: 9000/10089
[INFO] [2024-02-25 17:32:02] Milestone: 10000/10089
[INFO] [2024-02-25 17:32:03] Milestone: 10089/10089
[SUCCESS] [2024-02-25 17:32:03] Compressed 10089 files
[INFO] [2024-02-25 17:32:03] Archiving of 10089 files took: 52.51s
[STEP] [2024-02-25 17:32:03] Finalizing backup
[INFO] [2024-02-25 17:32:03] Generating manifest file and saving current live-log...
